<?xml version="1.0" encoding="UTF-8"?>
<!-- Generated by org.testng.reporters.JUnitXMLReporter -->
<testsuite ignored="2" hostname="MahmudaLaptop" failures="1" tests="1" name="Test" time="1.793" errors="0" timestamp="2023-03-21T00:44:09 EDT">
  <testcase classname="functionalTest.GetUsersTest" name="getUsersById" time="1.386">
    <failure type="java.lang.AssertionError" message="1 expectation failed.
XML path firstName doesn&amp;apos;t match.
Expected: Mahmuda
  Actual: &amp;lt;
            ;(function (w, d, s, l, i) {
                w[l] = w[l] || []
                w[l].push({
                    &amp;apos;gtm.start&amp;apos;: new Date().getTime(),
                    event: &amp;apos;gtm.js&amp;apos;,
                })
                var f = d.getElementsByTagName(s)[0],
                    j = d.createElement(s),
                    dl = l != &amp;apos;dataLayer&amp;apos; ? &amp;apos;&amp;amp;l=&amp;apos; + l : &amp;apos;&amp;apos;
                j.async = true
                j.src = &amp;apos;https://www.googletagmanager.com/gtm.js?id=&amp;apos; + i + dl
                f.parentNode.insertBefore(j, f)
            })(window, document, &amp;apos;script&amp;apos;, &amp;apos;dataLayer&amp;apos;, &amp;apos;GTM-KB622KF&amp;apos;)
        nullnullnullnull
            Reqres - A hosted REST-API ready to respond to your AJAX requests
        nullnullnullnull
                        Test your front-end against a real API
                    Fake data
                                    No more tedious sample data creation, we&amp;apos;ve
                                    got it covered.
                                nullReal responses
                                    Develop with real response codes. GET, POST,
                                    PUT &amp;amp; DELETE supported.
                                nullAlways-onfreenull
                        A hosted REST-API ready to respond to your AJAX
                        requests.
                    nullnull404nullBen Howdlenullnullnull
            window.dataLayer = window.dataLayer || []
            function gtag() {
                dataLayer.push(arguments)
            }
            gtag(&amp;apos;js&amp;apos;, new Date())

            gtag(&amp;apos;config&amp;apos;, &amp;apos;UA-174008107-1&amp;apos;)
        
            ;(function (i, s, o, g, r, a, m) {
                i[&amp;apos;GoogleAnalyticsObject&amp;apos;] = r
                ;(i[r] =
                    i[r] ||
                    function () {
                        ;(i[r].q = i[r].q || []).push(arguments)
                    }),
                    (i[r].l = 1 * new Date())
                ;(a = s.createElement(o)), (m = s.getElementsByTagName(o)[0])
                a.async = 1
                a.src = g
                m.parentNode.insertBefore(a, m)
            })(
                window,
                document,
                &amp;apos;script&amp;apos;,
                &amp;apos;//www.google-analytics.com/analytics.js&amp;apos;,
                &amp;apos;ga&amp;apos;
            )

            ga(&amp;apos;create&amp;apos;, &amp;apos;UA-55888877-1&amp;apos;, &amp;apos;auto&amp;apos;)
            ga(&amp;apos;send&amp;apos;, &amp;apos;pageview&amp;apos;)
        
            ;(function () {
                if (typeof _bsa !== &amp;apos;undefined&amp;apos; &amp;amp;&amp;amp; _bsa) {
                    _bsa.init(
                        &amp;apos;custom&amp;apos;,
                        &amp;apos;CEBIP53J&amp;apos;,
                        &amp;apos;placement:reqresin-sponsor&amp;apos;,
                        {
                            target: &amp;apos;#impeccable-js&amp;apos;,
                            template: `
        &amp;lt;a href=&amp;quot;##link##&amp;quot; rel=&amp;quot;sponsored noopener&amp;quot; target=&amp;quot;_blank&amp;quot; title=&amp;quot;##company## — ##tagline##&amp;quot;&amp;gt;
        &amp;lt;img src=&amp;quot;##logo##&amp;quot; style=&amp;quot;background-color: ##backgroundColor##&amp;quot;&amp;gt;
        &amp;lt;div class=&amp;quot;sponsor-description&amp;quot;&amp;gt;##description##&amp;lt;/div&amp;gt;
        &amp;lt;div class=&amp;quot;sponsor-cta&amp;quot; style=&amp;quot;background-color: ##backgroundColor##; color: ##textColor##&amp;quot;&amp;gt;##callToAction##&amp;lt;/div&amp;gt;
        &amp;lt;/a&amp;gt;
        `,
                        }
                    )
                }
            })()
        &amp;gt;
">
      <![CDATA[java.lang.AssertionError: 1 expectation failed.
XML path firstName doesn't match.
Expected: Mahmuda
  Actual: <
            ;(function (w, d, s, l, i) {
                w[l] = w[l] || []
                w[l].push({
                    'gtm.start': new Date().getTime(),
                    event: 'gtm.js',
                })
                var f = d.getElementsByTagName(s)[0],
                    j = d.createElement(s),
                    dl = l != 'dataLayer' ? '&l=' + l : ''
                j.async = true
                j.src = 'https://www.googletagmanager.com/gtm.js?id=' + i + dl
                f.parentNode.insertBefore(j, f)
            })(window, document, 'script', 'dataLayer', 'GTM-KB622KF')
        nullnullnullnull
            Reqres - A hosted REST-API ready to respond to your AJAX requests
        nullnullnullnull
                        Test your front-end against a real API
                    Fake data
                                    No more tedious sample data creation, we've
                                    got it covered.
                                nullReal responses
                                    Develop with real response codes. GET, POST,
                                    PUT & DELETE supported.
                                nullAlways-onfreenull
                        A hosted REST-API ready to respond to your AJAX
                        requests.
                    nullnull404nullBen Howdlenullnullnull
            window.dataLayer = window.dataLayer || []
            function gtag() {
                dataLayer.push(arguments)
            }
            gtag('js', new Date())

            gtag('config', 'UA-174008107-1')
        
            ;(function (i, s, o, g, r, a, m) {
                i['GoogleAnalyticsObject'] = r
                ;(i[r] =
                    i[r] ||
                    function () {
                        ;(i[r].q = i[r].q || []).push(arguments)
                    }),
                    (i[r].l = 1 * new Date())
                ;(a = s.createElement(o)), (m = s.getElementsByTagName(o)[0])
                a.async = 1
                a.src = g
                m.parentNode.insertBefore(a, m)
            })(
                window,
                document,
                'script',
                '//www.google-analytics.com/analytics.js',
                'ga'
            )

            ga('create', 'UA-55888877-1', 'auto')
            ga('send', 'pageview')
        
            ;(function () {
                if (typeof _bsa !== 'undefined' && _bsa) {
                    _bsa.init(
                        'custom',
                        'CEBIP53J',
                        'placement:reqresin-sponsor',
                        {
                            target: '#impeccable-js',
                            template: `
        <a href="##link##" rel="sponsored noopener" target="_blank" title="##company## — ##tagline##">
        <img src="##logo##" style="background-color: ##backgroundColor##">
        <div class="sponsor-description">##description##</div>
        <div class="sponsor-cta" style="background-color: ##backgroundColor##; color: ##textColor##">##callToAction##</div>
        </a>
        `,
                        }
                    )
                }
            })()
        >

at org.codehaus.groovy.runtime.callsite.ConstructorSite$ConstructorSiteNoUnwrap.callConstructor(ConstructorSite.java:86)
at org.codehaus.groovy.runtime.callsite.CallSiteArray.defaultCallConstructor(CallSiteArray.java:57)
at org.codehaus.groovy.runtime.callsite.AbstractCallSite.callConstructor(AbstractCallSite.java:263)
at org.codehaus.groovy.runtime.callsite.AbstractCallSite.callConstructor(AbstractCallSite.java:277)
at io.restassured.internal.ResponseSpecificationImpl$HamcrestAssertionClosure.validate(ResponseSpecificationImpl.groovy:512)
at io.restassured.internal.ResponseSpecificationImpl$HamcrestAssertionClosure$validate$1.call(Unknown Source)
at org.codehaus.groovy.runtime.callsite.CallSiteArray.defaultCall(CallSiteArray.java:45)
at org.codehaus.groovy.runtime.callsite.AbstractCallSite.call(AbstractCallSite.java:125)
at org.codehaus.groovy.runtime.callsite.AbstractCallSite.call(AbstractCallSite.java:139)
at io.restassured.internal.ResponseSpecificationImpl.validateResponseIfRequired(ResponseSpecificationImpl.groovy:696)
at io.restassured.internal.ResponseSpecificationImpl.this$2$validateResponseIfRequired(ResponseSpecificationImpl.groovy)
at org.codehaus.groovy.runtime.callsite.PlainObjectMetaMethodSite.doInvoke(PlainObjectMetaMethodSite.java:43)
at org.codehaus.groovy.runtime.callsite.PogoMetaMethodSite$PogoCachedMethodSiteNoUnwrapNoCoerce.invoke(PogoMetaMethodSite.java:198)
at org.codehaus.groovy.runtime.callsite.PogoMetaMethodSite.callCurrent(PogoMetaMethodSite.java:62)
at org.codehaus.groovy.runtime.callsite.CallSiteArray.defaultCallCurrent(CallSiteArray.java:49)
at org.codehaus.groovy.runtime.callsite.AbstractCallSite.callCurrent(AbstractCallSite.java:171)
at org.codehaus.groovy.runtime.callsite.AbstractCallSite.callCurrent(AbstractCallSite.java:185)
at io.restassured.internal.ResponseSpecificationImpl.body(ResponseSpecificationImpl.groovy:270)
at io.restassured.specification.ResponseSpecification$body$0.callCurrent(Unknown Source)
at org.codehaus.groovy.runtime.callsite.CallSiteArray.defaultCallCurrent(CallSiteArray.java:49)
at org.codehaus.groovy.runtime.callsite.AbstractCallSite.callCurrent(AbstractCallSite.java:171)
at org.codehaus.groovy.runtime.callsite.AbstractCallSite.callCurrent(AbstractCallSite.java:212)
at io.restassured.internal.ResponseSpecificationImpl.body(ResponseSpecificationImpl.groovy:117)
at io.restassured.internal.ValidatableResponseOptionsImpl.body(ValidatableResponseOptionsImpl.java:244)
at utils.RestSpecifications.validatePayloadObject(RestSpecifications.java:47)
at functionalTest.GetUsersTest.getUsersById(GetUsersTest.java:29)
at java.base/java.util.ArrayList.forEach(ArrayList.java:1541)
... Removed 37 stack frames]]>
    </failure>
  </testcase> <!-- getUsersById -->
  <testcase classname="functionalTest.GetUsersTest" name="getUsersValidation" time="0.0">
    <ignored/>
  </testcase> <!-- getUsersValidation -->
  <testcase classname="functionalTest.GetUsersTest" name="responseValidation" time="0.0">
    <ignored/>
  </testcase> <!-- responseValidation -->
</testsuite> <!-- Test -->
